<?xml version="1.0" encoding="UTF-8"?>
<testsuite xmlns:xsi="http://www.w3.org/2001/XMLSchema-instance" xsi:noNamespaceSchemaLocation="https://maven.apache.org/surefire/maven-surefire-plugin/xsd/surefire-test-report-3.0.xsd" version="3.0" name="abgabe_03.KontoTest" time="0.158" tests="4" errors="0" skipped="0" failures="0">
  <properties>
[...]
</properties>
  <testcase name="waehrungswechselEurInDkkTest" classname="abgabe_03.KontoTest" time="0.109"/>
  <testcase name="waehrungswechselEurInDkkMitRichtigemKontostandTest" classname="abgabe_03.KontoTest" time="0.016"/>
  <testcase name="abhebenInDkkTest" classname="abgabe_03.KontoTest" time="0.001"/>
  <testcase name="abhebenInEurTest" classname="abgabe_03.KontoTest" time="0.001"/>
</testsuite>